Build started 23/07/2014 1:57:39 PM.
     1>Project "C:\Users\Kris\Desktop\GameBuilder\GameBuilder\GameBuilder\GameBuilder.vcxproj" on node 2 (Build target(s)).
     1>ClCompile:
         C:\Program Files (x86)\Microsoft Visual Studio 11.0\VC\bin\CL.exe /c /ZI /nologo /W3 /WX- /sdl /Od /Oy- /D WIN32 /D _DEBUG /D _WINDOWS /D _UNICODE /D UNICODE /Gm /EHsc /RTC1 /MDd /GS /fp:precise /Zc:wchar_t /Zc:forScope /Yu"stdafx.h" /Fp"Debug\GameBuilder.pch" /Fo"Debug\\" /Fd"Debug\vc110.pdb" /Gd /TP /analyze- /errorReport:prompt GameBuilder.cpp
         GameBuilder.cpp
         c:\program files (x86)\microsoft directx sdk (june 2010)\include\dinput.h: DIRECTINPUT_VERSION undefined. Defaulting to version 0x0800
     1>c:\users\kris\desktop\gamebuilder\gamebuilder\gamebuilder\gamebuilder.h(120): warning C4042: 'keystate' : has bad storage class
     1>c:\users\kris\desktop\gamebuilder\gamebuilder\gamebuilder\gamebuilder.h(121): warning C4042: 'keystate' : has bad storage class
     1>c:\users\kris\desktop\gamebuilder\gamebuilder\gamebuilder\gamebuilder.cpp(357): warning C4244: 'argument' : conversion from 'int' to 'float', possible loss of data
     1>c:\users\kris\desktop\gamebuilder\gamebuilder\gamebuilder\gamebuilder.cpp(359): warning C4244: 'argument' : conversion from 'int' to 'float', possible loss of data
     1>c:\users\kris\desktop\gamebuilder\gamebuilder\gamebuilder\gamebuilder.cpp(361): warning C4244: 'argument' : conversion from 'int' to 'float', possible loss of data
     1>c:\users\kris\desktop\gamebuilder\gamebuilder\gamebuilder\gamebuilder.cpp(363): warning C4244: 'argument' : conversion from 'int' to 'float', possible loss of data
     1>c:\users\kris\desktop\gamebuilder\gamebuilder\gamebuilder\gamebuilder.cpp(545): warning C4244: 'initializing' : conversion from 'float' to 'int', possible loss of data
     1>c:\users\kris\desktop\gamebuilder\gamebuilder\gamebuilder\gamebuilder.cpp(546): warning C4244: 'initializing' : conversion from 'float' to 'int', possible loss of data
     1>c:\users\kris\desktop\gamebuilder\gamebuilder\gamebuilder\gamebuilder.cpp(550): warning C4244: '=' : conversion from 'float' to 'int', possible loss of data
     1>c:\users\kris\desktop\gamebuilder\gamebuilder\gamebuilder\gamebuilder.cpp(551): warning C4244: '=' : conversion from 'float' to 'int', possible loss of data
     1>c:\users\kris\desktop\gamebuilder\gamebuilder\gamebuilder\gamebuilder.cpp(568): warning C4244: '=' : conversion from 'float' to 'int', possible loss of data
     1>c:\users\kris\desktop\gamebuilder\gamebuilder\gamebuilder\gamebuilder.cpp(569): warning C4244: '=' : conversion from 'float' to 'int', possible loss of data
     1>c:\users\kris\desktop\gamebuilder\gamebuilder\gamebuilder\gamebuilder.cpp(803): warning C4042: 'keystate' : has bad storage class
     1>c:\users\kris\desktop\gamebuilder\gamebuilder\gamebuilder\gamebuilder.cpp(845): warning C4042: 'keystate' : has bad storage class
       Link:
         C:\Program Files (x86)\Microsoft Visual Studio 11.0\VC\bin\link.exe /ERRORREPORT:PROMPT /OUT:"C:\Users\Kris\Desktop\GameBuilder\GameBuilder\Debug\GameBuilder.exe" /INCREMENTAL /NOLOGO kernel32.lib user32.lib gdi32.lib winspool.lib comdlg32.lib advapi32.lib shell32.lib ole32.lib oleaut32.lib uuid.lib odbc32.lib odbccp32.lib /MANIFEST /MANIFESTUAC:"level='asInvoker' uiAccess='false'" /manifest:embed /DEBUG /PDB:"C:\Users\Kris\Desktop\GameBuilder\GameBuilder\Debug\GameBuilder.pdb" /SUBSYSTEM:WINDOWS /TLBID:1 /DYNAMICBASE /NXCOMPAT /IMPLIB:"C:\Users\Kris\Desktop\GameBuilder\GameBuilder\Debug\GameBuilder.lib" /MACHINE:X86 Debug\GameBuilder.res
         Debug\clsBlock.obj
         Debug\clsCheckBlock.obj
         Debug\clsEndBlock.obj
         Debug\clsKillBlock.obj
         Debug\clsParent.obj
         Debug\clsPlayer.obj
         Debug\clsPlaySound.obj
         Debug\clsStrtBlock.obj
         Debug\clsWaterBlock.obj
         Debug\GameBuilder.obj
         Debug\soundStart.obj
         Debug\stdafx.obj
         GameBuilder.vcxproj -> C:\Users\Kris\Desktop\GameBuilder\GameBuilder\Debug\GameBuilder.exe
     1>Done Building Project "C:\Users\Kris\Desktop\GameBuilder\GameBuilder\GameBuilder\GameBuilder.vcxproj" (Build target(s)).

Build succeeded.

Time Elapsed 00:00:01.37
