f:\gamebuilder\gamebuilder\gamebuilder\release\gamebuilder.pch
f:\gamebuilder\gamebuilder\gamebuilder\release\stdafx.obj
f:\gamebuilder\gamebuilder\gamebuilder\release\vc110.pdb
f:\gamebuilder\gamebuilder\gamebuilder\release\soundstart.obj
f:\gamebuilder\gamebuilder\gamebuilder\release\gamebuilder.obj
f:\gamebuilder\gamebuilder\gamebuilder\release\clswaterblock.obj
f:\gamebuilder\gamebuilder\gamebuilder\release\clsstrtblock.obj
f:\gamebuilder\gamebuilder\gamebuilder\release\clsplaysound.obj
f:\gamebuilder\gamebuilder\gamebuilder\release\clsplayer.obj
f:\gamebuilder\gamebuilder\gamebuilder\release\clsparent.obj
f:\gamebuilder\gamebuilder\gamebuilder\release\clskillblock.obj
f:\gamebuilder\gamebuilder\gamebuilder\release\clsendblock.obj
f:\gamebuilder\gamebuilder\gamebuilder\release\clscheckblock.obj
f:\gamebuilder\gamebuilder\gamebuilder\release\clsblock.obj
f:\gamebuilder\gamebuilder\release\gamebuilder.exe
f:\gamebuilder\gamebuilder\release\gamebuilder.pdb
f:\gamebuilder\gamebuilder\gamebuilder\release\gamebuilder.res
f:\gamebuilder\gamebuilder\gamebuilder\release\cl.command.1.tlog
f:\gamebuilder\gamebuilder\gamebuilder\release\cl.read.1.tlog
f:\gamebuilder\gamebuilder\gamebuilder\release\cl.write.1.tlog
f:\gamebuilder\gamebuilder\gamebuilder\release\link-cvtres.read.1.tlog
f:\gamebuilder\gamebuilder\gamebuilder\release\link-cvtres.write.1.tlog
f:\gamebuilder\gamebuilder\gamebuilder\release\link-rc.read.1.tlog
f:\gamebuilder\gamebuilder\gamebuilder\release\link-rc.write.1.tlog
f:\gamebuilder\gamebuilder\gamebuilder\release\link.command.1.tlog
f:\gamebuilder\gamebuilder\gamebuilder\release\link.read.1.tlog
f:\gamebuilder\gamebuilder\gamebuilder\release\link.write.1.tlog
f:\gamebuilder\gamebuilder\gamebuilder\release\rc.command.1.tlog
f:\gamebuilder\gamebuilder\gamebuilder\release\rc.read.1.tlog
f:\gamebuilder\gamebuilder\gamebuilder\release\rc.write.1.tlog
